<?xml version="1.0" encoding="UTF-8"?>
<testsuite xmlns:xsi="http://www.w3.org/2001/XMLSchema-instance" xsi:noNamespaceSchemaLocation="https://maven.apache.org/surefire/maven-surefire-plugin/xsd/surefire-test-report.xsd" name="org.apache.cxf.sts.war.PasswordCallbackHandlerTest" time="0" tests="2" errors="0" skipped="0" failures="0">
  <properties>
[...]
</properties>
  <testcase name="testPasswordCallbackHandler" classname="org.apache.cxf.sts.war.PasswordCallbackHandlerTest" time="0"/>
  <testcase name="testPasswordCallbackHandlerNotCorrectIdentifier" classname="org.apache.cxf.sts.war.PasswordCallbackHandlerTest" time="0"/>
</testsuite>